{
  "stats": {
    "suites": 1,
    "tests": 4,
    "passes": 4,
    "pending": 0,
    "failures": 0,
    "start": "2021-10-19T17:53:46.324Z",
    "end": "2021-10-19T17:54:55.024Z",
    "duration": 68700,
    "testsRegistered": 4,
    "passPercent": 100,
    "pendingPercent": 0,
    "other": 0,
    "hasOther": false,
    "skipped": 0,
    "hasSkipped": false
  },
  "results": [
    {
      "uuid": "ca82078a-14d9-445e-b67b-2d2d596e8772",
      "title": "",
      "fullFile": "cypress/integration/Login.js",
      "file": "cypress/integration/Login.js",
      "beforeHooks": [],
      "afterHooks": [],
      "tests": [],
      "suites": [
        {
          "uuid": "e3b8a6f5-7528-430d-b5cc-79f67814738c",
          "title": "Login",
          "fullFile": "",
          "file": "",
          "beforeHooks": [],
          "afterHooks": [],
          "tests": [
            {
              "title": "Validar campos para login",
              "fullTitle": "Login Validar campos para login",
              "timedOut": null,
              "duration": 14345,
              "state": "passed",
              "speed": "slow",
              "pass": true,
              "fail": false,
              "pending": false,
              "context": null,
              "code": "cy.visit('');\ncy.get('#textFieldLogin').should('contain', 'Usuário ou E-mail');\ncy.get('#textFieldPassword').should('contain', 'Senha');\ncy.get('#submit').should('contain', 'Entrar');\ncy.get('.btn--basic').should('contain', 'Esqueci minha senha');",
              "err": {},
              "uuid": "193a8da9-8d66-40fc-b101-4d3a9400ada3",
              "parentUUID": "e3b8a6f5-7528-430d-b5cc-79f67814738c",
              "isHook": false,
              "skipped": false
            },
            {
              "title": "Validar Login com a senha Inválida",
              "fullTitle": "Login Validar Login com a senha Inválida",
              "timedOut": null,
              "duration": 21937,
              "state": "passed",
              "speed": "slow",
              "pass": true,
              "fail": false,
              "pending": false,
              "context": null,
              "code": "cy.Login(login.email, login.passwordInvalida); //validando mensagem de erro\ncy.get('.alert-information').should('contain', 'Usuário ou Senha inválidos');",
              "err": {},
              "uuid": "a0e39842-eec1-4b30-9816-abd0dd7ffff4",
              "parentUUID": "e3b8a6f5-7528-430d-b5cc-79f67814738c",
              "isHook": false,
              "skipped": false
            },
            {
              "title": "Validar Login com email inválido",
              "fullTitle": "Login Validar Login com email inválido",
              "timedOut": null,
              "duration": 11780,
              "state": "passed",
              "speed": "slow",
              "pass": true,
              "fail": false,
              "pending": false,
              "context": null,
              "code": "cy.Login(login.emailInvalido, login.password); //validando mensagem de erro\ncy.get('.alert-information').should('contain', 'Usuário ou Senha inválidos');",
              "err": {},
              "uuid": "575f2b6c-237f-4376-af11-7523b7fafb6c",
              "parentUUID": "e3b8a6f5-7528-430d-b5cc-79f67814738c",
              "isHook": false,
              "skipped": false
            },
            {
              "title": "Validar login com sucesso",
              "fullTitle": "Login Validar login com sucesso",
              "timedOut": null,
              "duration": 20336,
              "state": "passed",
              "speed": "slow",
              "pass": true,
              "fail": false,
              "pending": false,
              "context": null,
              "code": "cy.Login(login.email, login.password); //validar login\ncy.get('#meu_perfil > :nth-child(1) > small').should('contain', 'client.portal.gtcom+28@gmail.com');\ncy.get('.page-header__title').should('contain', 'Olá'); //logout\ncy.Logout();",
              "err": {},
              "uuid": "1c0eb1ad-eb7a-4304-ab99-8bd7a41108e9",
              "parentUUID": "e3b8a6f5-7528-430d-b5cc-79f67814738c",
              "isHook": false,
              "skipped": false
            }
          ],
          "suites": [],
          "passes": [
            "193a8da9-8d66-40fc-b101-4d3a9400ada3",
            "a0e39842-eec1-4b30-9816-abd0dd7ffff4",
            "575f2b6c-237f-4376-af11-7523b7fafb6c",
            "1c0eb1ad-eb7a-4304-ab99-8bd7a41108e9"
          ],
          "failures": [],
          "pending": [],
          "skipped": [],
          "duration": 68398,
          "root": false,
          "rootEmpty": false,
          "_timeout": 2000
        }
      ],
      "passes": [],
      "failures": [],
      "pending": [],
      "skipped": [],
      "duration": 0,
      "root": true,
      "rootEmpty": true,
      "_timeout": 2000
    }
  ],
  "meta": {
    "mocha": {
      "version": "7.0.1"
    },
    "mochawesome": {
      "options": {
        "quiet": false,
        "reportFilename": "mochawesome",
        "saveHtml": false,
        "saveJson": true,
        "consoleReporter": "spec",
        "useInlineDiffs": false,
        "code": true
      },
      "version": "6.3.1"
    },
    "marge": {
      "options": {
        "id": "default",
        "reportDir": "cypress/reports/mocha",
        "quite": true,
        "overwrite": false,
        "html": false,
        "json": true
      },
      "version": "5.2.0"
    }
  }
}