{
  "stats": {
    "suites": 1,
    "tests": 4,
    "passes": 4,
    "pending": 0,
    "failures": 0,
    "start": "2021-10-19T16:24:01.413Z",
    "end": "2021-10-19T16:25:13.450Z",
    "duration": 72037,
    "testsRegistered": 4,
    "passPercent": 100,
    "pendingPercent": 0,
    "other": 0,
    "hasOther": false,
    "skipped": 0,
    "hasSkipped": false
  },
  "results": [
    {
      "uuid": "07a12d1e-745e-4e0a-8571-76932367485a",
      "title": "",
      "fullFile": "cypress/integration/Login.js",
      "file": "cypress/integration/Login.js",
      "beforeHooks": [],
      "afterHooks": [],
      "tests": [],
      "suites": [
        {
          "uuid": "8497bd57-5a73-416c-b6cb-44af443956f3",
          "title": "Login",
          "fullFile": "",
          "file": "",
          "beforeHooks": [],
          "afterHooks": [],
          "tests": [
            {
              "title": "Validar campos para login",
              "fullTitle": "Login Validar campos para login",
              "timedOut": null,
              "duration": 8500,
              "state": "passed",
              "speed": "slow",
              "pass": true,
              "fail": false,
              "pending": false,
              "context": null,
              "code": "cy.visit('');\ncy.get('#textFieldLogin').should('contain', 'Usuário ou E-mail');\ncy.get('#textFieldPassword').should('contain', 'Senha');\ncy.get('#submit').should('contain', 'Entrar');\ncy.get('.btn--basic').should('contain', 'Esqueci minha senha');",
              "err": {},
              "uuid": "02d55cfc-afe2-4b34-9f90-f44ef6e3e3e4",
              "parentUUID": "8497bd57-5a73-416c-b6cb-44af443956f3",
              "isHook": false,
              "skipped": false
            },
            {
              "title": "Validar Login com a senha Inválida",
              "fullTitle": "Login Validar Login com a senha Inválida",
              "timedOut": null,
              "duration": 17084,
              "state": "passed",
              "speed": "slow",
              "pass": true,
              "fail": false,
              "pending": false,
              "context": null,
              "code": "cy.Login(login.email, login.passwordInvalida); //validando mensagem de erro\ncy.get('.alert-information').should('contain', 'Usuário ou Senha inválidos');",
              "err": {},
              "uuid": "ea359195-3d73-4625-8df8-8cbc3080dbd8",
              "parentUUID": "8497bd57-5a73-416c-b6cb-44af443956f3",
              "isHook": false,
              "skipped": false
            },
            {
              "title": "Validar Login com email inválido",
              "fullTitle": "Login Validar Login com email inválido",
              "timedOut": null,
              "duration": 16285,
              "state": "passed",
              "speed": "slow",
              "pass": true,
              "fail": false,
              "pending": false,
              "context": null,
              "code": "cy.Login(login.emailInvalido, login.password); //validando mensagem de erro\ncy.get('.alert-information').should('contain', 'Usuário ou Senha inválidos');",
              "err": {},
              "uuid": "d43a5f61-61cf-4e33-a81d-2f2f9630e4e7",
              "parentUUID": "8497bd57-5a73-416c-b6cb-44af443956f3",
              "isHook": false,
              "skipped": false
            },
            {
              "title": "Validar login com sucesso",
              "fullTitle": "Login Validar login com sucesso",
              "timedOut": null,
              "duration": 30026,
              "state": "passed",
              "speed": "slow",
              "pass": true,
              "fail": false,
              "pending": false,
              "context": null,
              "code": "cy.Login(login.email, login.password); //validar login\ncy.get('#meu_perfil > :nth-child(1) > small').should('contain', 'client.portal.gtcom+28@gmail.com');\ncy.get('.page-header__title').should('contain', 'Olá'); //logout\ncy.Logout();",
              "err": {},
              "uuid": "51f42d0a-b049-440c-baea-ade0afafb1cb",
              "parentUUID": "8497bd57-5a73-416c-b6cb-44af443956f3",
              "isHook": false,
              "skipped": false
            }
          ],
          "suites": [],
          "passes": [
            "02d55cfc-afe2-4b34-9f90-f44ef6e3e3e4",
            "ea359195-3d73-4625-8df8-8cbc3080dbd8",
            "d43a5f61-61cf-4e33-a81d-2f2f9630e4e7",
            "51f42d0a-b049-440c-baea-ade0afafb1cb"
          ],
          "failures": [],
          "pending": [],
          "skipped": [],
          "duration": 71895,
          "root": false,
          "rootEmpty": false,
          "_timeout": 2000
        }
      ],
      "passes": [],
      "failures": [],
      "pending": [],
      "skipped": [],
      "duration": 0,
      "root": true,
      "rootEmpty": true,
      "_timeout": 2000
    }
  ],
  "meta": {
    "mocha": {
      "version": "7.0.1"
    },
    "mochawesome": {
      "options": {
        "quiet": false,
        "reportFilename": "mochawesome",
        "saveHtml": true,
        "saveJson": true,
        "consoleReporter": "spec",
        "useInlineDiffs": false,
        "code": true
      },
      "version": "6.3.1"
    },
    "marge": {
      "options": {
        "reporterEnabled": "mochawesome",
        "mochawesomeReporterOptions": {
          "reportDir": "cypress/reports/mocha",
          "quite": true,
          "overwrite": false,
          "html": true,
          "json": true
        }
      },
      "version": "5.2.0"
    }
  }
}